<?xml version="1.0" encoding="UTF-8"?>
<testsuite xmlns:xsi="http://www.w3.org/2001/XMLSchema-instance" xsi:noNamespaceSchemaLocation="https://maven.apache.org/surefire/maven-surefire-plugin/xsd/surefire-test-report-3.0.xsd" version="3.0" name="com.demyst.runners.TestRunner" time="4.643" tests="5" errors="0" skipped="0" failures="0">
  <properties>
[...]
</properties>
  <testcase name="Login with different email and password combinations #1" classname="Login API Tests" time="2.281">
    <system-out><![CDATA[
Scenario Outline: Login with different email and password combinations                          &amp#27;[90m# src/test/resources/features/login.feature:12&amp#27;[0m
  &amp#27;[32mGiven &amp#27;[0m&amp#27;[32muser email &amp#27;[0m&amp#27;[32m&amp#27;[1m""&amp#27;[0m&amp#27;[32m and password &amp#27;[0m&amp#27;[32m&amp#27;[1m""&amp#27;[0m                                                           &amp#27;[90m# com.demyst.stepdefs.LoginStepDefs.userEmailAndPassword(java.lang.String,java.lang.String)&amp#27;[0m
  &amp#27;[32mWhen &amp#27;[0m&amp#27;[32muser send POST request to login endpoint&amp#27;[0m                                                 &amp#27;[90m# com.demyst.stepdefs.LoginStepDefs.userSendPOSTRequestToLoginEndpoint()&amp#27;[0m
  &amp#27;[32mThen &amp#27;[0m&amp#27;[32mshould get status code &amp#27;[0m&amp#27;[32m&amp#27;[1m401&amp#27;[0m                                                               &amp#27;[90m# com.demyst.stepdefs.LoginStepDefs.ShouldGetStatusCode(int)&amp#27;[0m
  &amp#27;[32mAnd &amp#27;[0m&amp#27;[32mresponse should contain error message &amp#27;[0m&amp#27;[32m&amp#27;[1m"You need to sign in or sign up before continuing."&amp#27;[0m &amp#27;[90m# com.demyst.stepdefs.LoginStepDefs.responseShouldContainErrorMessage(java.lang.String)&amp#27;[0m
  &amp#27;[32mAnd &amp#27;[0m&amp#27;[32mresponse time should be less than &amp#27;[0m&amp#27;[32m&amp#27;[1m2000&amp#27;[0m&amp#27;[32mms&amp#27;[0m                                                  &amp#27;[90m# com.demyst.stepdefs.LoginStepDefs.responseTimeShouldBeLessThanMs(int)&amp#27;[0m
]]></system-out>
  </testcase>
  <testcase name="Login with different email and password combinations #2" classname="Login API Tests" time="0.32">
    <system-out><![CDATA[
Scenario Outline: Login with different email and password combinations   &amp#27;[90m# src/test/resources/features/login.feature:13&amp#27;[0m
  &amp#27;[32mGiven &amp#27;[0m&amp#27;[32muser email &amp#27;[0m&amp#27;[32m&amp#27;[1m"test"&amp#27;[0m&amp#27;[32m and password &amp#27;[0m&amp#27;[32m&amp#27;[1m""&amp#27;[0m                                &amp#27;[90m# com.demyst.stepdefs.LoginStepDefs.userEmailAndPassword(java.lang.String,java.lang.String)&amp#27;[0m
  &amp#27;[32mWhen &amp#27;[0m&amp#27;[32muser send POST request to login endpoint&amp#27;[0m                          &amp#27;[90m# com.demyst.stepdefs.LoginStepDefs.userSendPOSTRequestToLoginEndpoint()&amp#27;[0m
  &amp#27;[32mThen &amp#27;[0m&amp#27;[32mshould get status code &amp#27;[0m&amp#27;[32m&amp#27;[1m401&amp#27;[0m                                        &amp#27;[90m# com.demyst.stepdefs.LoginStepDefs.ShouldGetStatusCode(int)&amp#27;[0m
  &amp#27;[32mAnd &amp#27;[0m&amp#27;[32mresponse should contain error message &amp#27;[0m&amp#27;[32m&amp#27;[1m"Invalid Email or password."&amp#27;[0m &amp#27;[90m# com.demyst.stepdefs.LoginStepDefs.responseShouldContainErrorMessage(java.lang.String)&amp#27;[0m
  &amp#27;[32mAnd &amp#27;[0m&amp#27;[32mresponse time should be less than &amp#27;[0m&amp#27;[32m&amp#27;[1m2000&amp#27;[0m&amp#27;[32mms&amp#27;[0m                           &amp#27;[90m# com.demyst.stepdefs.LoginStepDefs.responseTimeShouldBeLessThanMs(int)&amp#27;[0m
]]></system-out>
  </testcase>
  <testcase name="Login with different email and password combinations #3" classname="Login API Tests" time="0.31">
    <system-out><![CDATA[
Scenario Outline: Login with different email and password combinations   &amp#27;[90m# src/test/resources/features/login.feature:14&amp#27;[0m
  &amp#27;[32mGiven &amp#27;[0m&amp#27;[32muser email &amp#27;[0m&amp#27;[32m&amp#27;[1m"test@gmail.com"&amp#27;[0m&amp#27;[32m and password &amp#27;[0m&amp#27;[32m&amp#27;[1m""&amp#27;[0m                      &amp#27;[90m# com.demyst.stepdefs.LoginStepDefs.userEmailAndPassword(java.lang.String,java.lang.String)&amp#27;[0m
  &amp#27;[32mWhen &amp#27;[0m&amp#27;[32muser send POST request to login endpoint&amp#27;[0m                          &amp#27;[90m# com.demyst.stepdefs.LoginStepDefs.userSendPOSTRequestToLoginEndpoint()&amp#27;[0m
  &amp#27;[32mThen &amp#27;[0m&amp#27;[32mshould get status code &amp#27;[0m&amp#27;[32m&amp#27;[1m401&amp#27;[0m                                        &amp#27;[90m# com.demyst.stepdefs.LoginStepDefs.ShouldGetStatusCode(int)&amp#27;[0m
  &amp#27;[32mAnd &amp#27;[0m&amp#27;[32mresponse should contain error message &amp#27;[0m&amp#27;[32m&amp#27;[1m"Invalid Email or password."&amp#27;[0m &amp#27;[90m# com.demyst.stepdefs.LoginStepDefs.responseShouldContainErrorMessage(java.lang.String)&amp#27;[0m
  &amp#27;[32mAnd &amp#27;[0m&amp#27;[32mresponse time should be less than &amp#27;[0m&amp#27;[32m&amp#27;[1m2000&amp#27;[0m&amp#27;[32mms&amp#27;[0m                           &amp#27;[90m# com.demyst.stepdefs.LoginStepDefs.responseTimeShouldBeLessThanMs(int)&amp#27;[0m
]]></system-out>
  </testcase>
  <testcase name="Login with different email and password combinations #4" classname="Login API Tests" time="0.673">
    <system-out><![CDATA[
Scenario Outline: Login with different email and password combinations                          &amp#27;[90m# src/test/resources/features/login.feature:15&amp#27;[0m
  &amp#27;[32mGiven &amp#27;[0m&amp#27;[32muser email &amp#27;[0m&amp#27;[32m&amp#27;[1m""&amp#27;[0m&amp#27;[32m and password &amp#27;[0m&amp#27;[32m&amp#27;[1m"Test@1234"&amp#27;[0m                                                  &amp#27;[90m# com.demyst.stepdefs.LoginStepDefs.userEmailAndPassword(java.lang.String,java.lang.String)&amp#27;[0m
  &amp#27;[32mWhen &amp#27;[0m&amp#27;[32muser send POST request to login endpoint&amp#27;[0m                                                 &amp#27;[90m# com.demyst.stepdefs.LoginStepDefs.userSendPOSTRequestToLoginEndpoint()&amp#27;[0m
  &amp#27;[32mThen &amp#27;[0m&amp#27;[32mshould get status code &amp#27;[0m&amp#27;[32m&amp#27;[1m401&amp#27;[0m                                                               &amp#27;[90m# com.demyst.stepdefs.LoginStepDefs.ShouldGetStatusCode(int)&amp#27;[0m
  &amp#27;[32mAnd &amp#27;[0m&amp#27;[32mresponse should contain error message &amp#27;[0m&amp#27;[32m&amp#27;[1m"You need to sign in or sign up before continuing."&amp#27;[0m &amp#27;[90m# com.demyst.stepdefs.LoginStepDefs.responseShouldContainErrorMessage(java.lang.String)&amp#27;[0m
  &amp#27;[32mAnd &amp#27;[0m&amp#27;[32mresponse time should be less than &amp#27;[0m&amp#27;[32m&amp#27;[1m2000&amp#27;[0m&amp#27;[32mms&amp#27;[0m                                                  &amp#27;[90m# com.demyst.stepdefs.LoginStepDefs.responseTimeShouldBeLessThanMs(int)&amp#27;[0m
]]></system-out>
  </testcase>
  <testcase name="Login with different email and password combinations #5" classname="Login API Tests" time="0.346">
    <system-out><![CDATA[
Scenario Outline: Login with different email and password combinations   &amp#27;[90m# src/test/resources/features/login.feature:16&amp#27;[0m
  &amp#27;[32mGiven &amp#27;[0m&amp#27;[32muser email &amp#27;[0m&amp#27;[32m&amp#27;[1m"Test@gmail.com"&amp#27;[0m&amp#27;[32m and password &amp#27;[0m&amp#27;[32m&amp#27;[1m"Test@1234"&amp#27;[0m             &amp#27;[90m# com.demyst.stepdefs.LoginStepDefs.userEmailAndPassword(java.lang.String,java.lang.String)&amp#27;[0m
  &amp#27;[32mWhen &amp#27;[0m&amp#27;[32muser send POST request to login endpoint&amp#27;[0m                          &amp#27;[90m# com.demyst.stepdefs.LoginStepDefs.userSendPOSTRequestToLoginEndpoint()&amp#27;[0m
  &amp#27;[32mThen &amp#27;[0m&amp#27;[32mshould get status code &amp#27;[0m&amp#27;[32m&amp#27;[1m401&amp#27;[0m                                        &amp#27;[90m# com.demyst.stepdefs.LoginStepDefs.ShouldGetStatusCode(int)&amp#27;[0m
  &amp#27;[32mAnd &amp#27;[0m&amp#27;[32mresponse should contain error message &amp#27;[0m&amp#27;[32m&amp#27;[1m"Invalid Email or password."&amp#27;[0m &amp#27;[90m# com.demyst.stepdefs.LoginStepDefs.responseShouldContainErrorMessage(java.lang.String)&amp#27;[0m
  &amp#27;[32mAnd &amp#27;[0m&amp#27;[32mresponse time should be less than &amp#27;[0m&amp#27;[32m&amp#27;[1m2000&amp#27;[0m&amp#27;[32mms&amp#27;[0m                           &amp#27;[90m# com.demyst.stepdefs.LoginStepDefs.responseTimeShouldBeLessThanMs(int)&amp#27;[0m
]]></system-out>
  </testcase>
</testsuite>